0 info it worked if it ends with ok
1 verbose cli [ 'node', '/usr/local/bin/npm', 'install', 'watch:', '{' ]
2 info using npm@1.4.28
3 info using node@v0.10.35
4 verbose readDependencies using package.json deps
5 verbose cache add [ 'watch:', null ]
6 verbose cache add name=undefined spec="watch:" args=["watch:",null]
7 verbose parsed url { protocol: 'watch:',
7 verbose parsed url   slashes: null,
7 verbose parsed url   auth: null,
7 verbose parsed url   host: '',
7 verbose parsed url   port: null,
7 verbose parsed url   hostname: '',
7 verbose parsed url   hash: null,
7 verbose parsed url   search: null,
7 verbose parsed url   query: null,
7 verbose parsed url   pathname: null,
7 verbose parsed url   path: null,
7 verbose parsed url   href: 'watch:' }
8 verbose cache add [ '{', null ]
9 verbose cache add name=undefined spec="{" args=["{",null]
10 verbose parsed url { protocol: null,
10 verbose parsed url   slashes: null,
10 verbose parsed url   auth: null,
10 verbose parsed url   host: null,
10 verbose parsed url   port: null,
10 verbose parsed url   hostname: null,
10 verbose parsed url   hash: null,
10 verbose parsed url   search: null,
10 verbose parsed url   query: null,
10 verbose parsed url   pathname: '{',
10 verbose parsed url   path: '{',
10 verbose parsed url   href: '{' }
11 silly lockFile c52c26e6-watch watch:
12 verbose lock watch: /Users/listerp/.npm/c52c26e6-watch.lock
13 silly lockFile 60ba4b2d- {
14 verbose lock { /Users/listerp/.npm/60ba4b2d-.lock
15 silly lockFile c52c26e6-watch watch:
16 silly lockFile c52c26e6-watch watch:
17 silly lockFile 60ba4b2d- {
18 silly lockFile 60ba4b2d- {
19 verbose addNamed [ 'watch:', '' ]
20 verbose addNamed [ null, '*' ]
21 silly lockFile f4d31ac4-watch watch:@
22 verbose lock watch:@ /Users/listerp/.npm/f4d31ac4-watch.lock
23 verbose addNamed [ '{', '' ]
24 verbose addNamed [ null, '*' ]
25 silly lockFile acbee212- {@
26 verbose lock {@ /Users/listerp/.npm/acbee212-.lock
27 silly addNameRange { name: 'watch:', range: '*', hasData: false }
28 error TypeError: Cannot call method 'replace' of null
28 error     at cf (/usr/local/lib/node_modules/npm/node_modules/npm-cache-filename/index.js:14:22)
28 error     at RegClient.get (/usr/local/lib/node_modules/npm/node_modules/npm-registry-client/lib/get.js:28:20)
28 error     at addNameRange (/usr/local/lib/node_modules/npm/lib/cache/add-named.js:201:12)
28 error     at /usr/local/lib/node_modules/npm/lib/cache/add-named.js:47:5
28 error     at /usr/local/lib/node_modules/npm/lib/utils/locker.js:30:7
28 error     at cb (/usr/local/lib/node_modules/npm/node_modules/lockfile/lockfile.js:149:38)
28 error     at /usr/local/lib/node_modules/npm/node_modules/lockfile/lockfile.js:171:16
28 error     at Object.oncomplete (fs.js:108:15)
29 error If you need help, you may report this *entire* log,
29 error including the npm and node versions, at:
29 error     <http://github.com/npm/npm/issues>
30 error System Darwin 13.3.0
31 error command "node" "/usr/local/bin/npm" "install" "watch:" "{"
32 error cwd /Applications/MAMP/htdocs/pw-2015/themes/site_themes/default_site
33 error node -v v0.10.35
34 error npm -v 1.4.28
35 error type non_object_property_call
36 verbose exit [ 1, true ]
